JobId=650416 JobName=name
   UserId=lfz080(4890) GroupId=levina(4024) MCS_label=N/A
   Priority=92591 Nice=0 Account=levina QOS=normal
   JobState=RUNNING Reason=None Dependency=(null)
   Requeue=1 Restarts=0 BatchFlag=1 Reboot=0 ExitCode=0:0
   RunTime=00:00:07 TimeLimit=1-00:00:00 TimeMin=N/A
   SubmitTime=2024-09-06T21:45:24 EligibleTime=2024-09-06T21:45:24
   AccrueTime=2024-09-06T21:45:26
   StartTime=2024-09-06T21:45:26 EndTime=2024-09-07T21:45:26 Deadline=N/A
   PreemptEligibleTime=2024-09-06T21:46:26 PreemptTime=None
   SuspendTime=None SecsPreSuspend=0 LastSchedEval=2024-09-06T21:45:26 Scheduler=Main
   Partition=2080-galvani AllocNode:Sid=galvani-slurmctl:851866
   ReqNodeList=(null) ExcNodeList=(null)
   NodeList=galvani-cn111
   BatchHost=galvani-cn111
   NumNodes=1 NumCPUs=8 NumTasks=1 CPUs/Task=8 ReqB:S:C:T=0:0:*:*
   ReqTRES=cpu=8,mem=40G,node=1,billing=2,gres/gpu=1
   AllocTRES=cpu=8,mem=40G,node=1,billing=2,gres/gpu=1,gres/gpu:rtx2080ti=1
   Socks/Node=* NtasksPerN:B:S:C=0:0:*:* CoreSpec=*
   MinCPUsNode=8 MinMemoryNode=40G MinTmpDiskNode=0
   Features=(null) DelayBoot=00:00:00
   OverSubscribe=OK Contiguous=0 Licenses=(null) Network=(null)
   Command=/mnt/qb/home/levina/lfz080/Walka/Implementierung_Bachelorarbeit/script.sh
   WorkDir=/mnt/qb/home/levina/lfz080/Walka/Implementierung_Bachelorarbeit
   StdErr=/mnt/qb/home/levina/lfz080/Walka/Implementierung_Bachelorarbeit/slurm-650416.out
   StdIn=/dev/null
   StdOut=/mnt/qb/home/levina/lfz080/Walka/Implementierung_Bachelorarbeit/slurm-650416.out
   Power=
   TresPerNode=gres:gpu:1
   MailUser=walka37@gmail.com MailType=BEGIN,END,FAIL
   

Iteration: 0
Iteration: 100
Iteration: 200
Iteration: 300
Iteration: 400
Iteration: 500
Iteration: 600
Iteration: 700
Iteration: 800
Iteration: 900
Iteration: 1000
Iteration: 1100
Iteration: 1200
Iteration: 1300
Iteration: 1400
Iteration: 1500
Iteration: 1600
Iteration: 1700
Iteration: 1800
Iteration: 1900
Iteration: 2000
Iteration: 2100
Iteration: 2200
Iteration: 2300
Iteration: 2400
Iteration: 2500
Iteration: 2600
Iteration: 2700
Iteration: 2800
Iteration: 2900
Iteration: 3000
Iteration: 3100
Iteration: 3200
Iteration: 3300
Iteration: 3400
Iteration: 3500
Iteration: 3600
Iteration: 3700
Iteration: 3800
Iteration: 3900
Iteration: 4000
Iteration: 4100
Iteration: 4200
Iteration: 4300
Iteration: 4400
Iteration: 4500
Iteration: 4600
Iteration: 4700
Iteration: 4800
Iteration: 4900
Iteration: 5000
Iteration: 5100
Iteration: 5200
Iteration: 5300
Iteration: 5400
Iteration: 5500
Iteration: 5600
Iteration: 5700
Iteration: 5800
Iteration: 5900
Iteration: 6000
Iteration: 6100
Iteration: 6200
Iteration: 6300
Iteration: 6400
Iteration: 6500
Iteration: 6600
Iteration: 6700
Iteration: 6800
Iteration: 6900
Iteration: 7000
Iteration: 7100
Iteration: 7200
Iteration: 7300
Iteration: 7400
Iteration: 7500
Iteration: 7600
Iteration: 7700
Iteration: 7800
Iteration: 7900
Iteration: 8000
Iteration: 8100
Iteration: 8200
Iteration: 8300
Iteration: 8400
Iteration: 8500
Iteration: 8600
Iteration: 8700
Iteration: 8800
Iteration: 8900
Iteration: 9000
Iteration: 9100
Iteration: 9200
Iteration: 9300
Iteration: 9400
Iteration: 9500
Iteration: 9600
Iteration: 9700
Iteration: 9800
Iteration: 9900
Iteration: 10000
Iteration: 10100
Iteration: 10200
Iteration: 10300
Iteration: 10400
Iteration: 10500
Iteration: 10600
Iteration: 10700
Iteration: 10800
Iteration: 10900
Iteration: 11000
Iteration: 11100
Iteration: 11200
Iteration: 11300
Iteration: 11400
Iteration: 11500
Iteration: 11600
Iteration: 11700
Iteration: 11800
Iteration: 11900
Iteration: 12000
Iteration: 12100
Iteration: 12200
Iteration: 12300
Iteration: 12400
Iteration: 12500
Iteration: 12600
Iteration: 12700
Iteration: 12800
Iteration: 12900
Iteration: 13000
Iteration: 13100
Iteration: 13200
Iteration: 13300
Iteration: 13400
Iteration: 13500
Iteration: 13600
Iteration: 13700
Iteration: 13800
Iteration: 13900
Iteration: 14000
Iteration: 14100
Iteration: 14200
Iteration: 14300
Iteration: 14400
Iteration: 14500
Iteration: 14600
Iteration: 14700
Iteration: 14800
Iteration: 14900
Iteration: 15000
Iteration: 15100
Iteration: 15200
Iteration: 15300
Iteration: 15400
Iteration: 15500
Iteration: 15600
Iteration: 15700
Iteration: 15800
Iteration: 15900
Iteration: 16000
Iteration: 16100
Iteration: 16200
Iteration: 16300
Iteration: 16400
Iteration: 16500
Iteration: 16600
Iteration: 16700
Iteration: 16800
Iteration: 16900
Iteration: 17000
Iteration: 17100
Iteration: 17200
Iteration: 17300
Iteration: 17400
Iteration: 17500
Iteration: 17600
Iteration: 17700
Iteration: 17800
Iteration: 17900
Iteration: 18000
Iteration: 18100
Iteration: 18200
Iteration: 18300
Iteration: 18400
Iteration: 18500
Iteration: 18600
Iteration: 18700
Iteration: 18800
Iteration: 18900
Iteration: 19000
Iteration: 19100
Iteration: 19200
Iteration: 19300
Iteration: 19400
Iteration: 19500
Iteration: 19600
Iteration: 19700
Iteration: 19800
Iteration: 19900
Iteration: 20000
Iteration: 20100
Iteration: 20200
Iteration: 20300
Iteration: 20400
Iteration: 20500
Iteration: 20600
Iteration: 20700
Iteration: 20800
Iteration: 20900
Iteration: 21000
Iteration: 21100
Iteration: 21200
Iteration: 21300
Iteration: 21400
Iteration: 21500
Iteration: 21600
Iteration: 21700
Iteration: 21800
Iteration: 21900
Iteration: 22000
Iteration: 22100
Iteration: 22200
Iteration: 22300
Iteration: 22400
Iteration: 22500
Iteration: 22600
Iteration: 22700
Iteration: 22800
Iteration: 22900
Iteration: 23000
Iteration: 23100
Iteration: 23200
Iteration: 23300
Iteration: 23400
Iteration: 23500
Iteration: 23600
Iteration: 23700
Iteration: 23800
Iteration: 23900
Iteration: 24000
Iteration: 24100
Iteration: 24200
Iteration: 24300
Iteration: 24400
Iteration: 24500
Iteration: 24600
Iteration: 24700
Iteration: 24800
Iteration: 24900
Iteration: 25000
Iteration: 25100
Iteration: 25200
Iteration: 25300
Iteration: 25400
Iteration: 25500
Iteration: 25600
Iteration: 25700
Iteration: 25800
Iteration: 25900
Iteration: 26000
Iteration: 26100
Iteration: 26200
Iteration: 26300
Iteration: 26400
Iteration: 26500
Iteration: 26600
Iteration: 26700
Iteration: 26800
Iteration: 26900
Iteration: 27000
Iteration: 27100
Iteration: 27200
Iteration: 27300
Iteration: 27400
Iteration: 27500
Iteration: 27600
Iteration: 27700
Iteration: 27800
Iteration: 27900
Iteration: 28000
Iteration: 28100
Iteration: 28200
Iteration: 28300
Iteration: 28400
Iteration: 28500
Iteration: 28600
Iteration: 28700
Iteration: 28800
Iteration: 28900
Iteration: 29000
Iteration: 29100
Iteration: 29200
Iteration: 29300
Iteration: 29400
Iteration: 29500
Iteration: 29600
Iteration: 29700
Iteration: 29800
Iteration: 29900
Iteration: 30000
Iteration: 30100
Iteration: 30200
Iteration: 30300
Iteration: 30400
Iteration: 30500
Iteration: 30600
Iteration: 30700
Iteration: 30800
Iteration: 30900
Iteration: 31000
Iteration: 31100
Iteration: 31200
Iteration: 31300
Iteration: 31400
Iteration: 31500
Iteration: 31600
Iteration: 31700
Iteration: 31800
Iteration: 31900
Iteration: 32000
Iteration: 32100
Iteration: 32200
Iteration: 32300
Iteration: 32400
Iteration: 32500
Iteration: 32600
Iteration: 32700
Iteration: 32800
Iteration: 32900
Iteration: 33000
Iteration: 33100
Iteration: 33200
Iteration: 33300
Iteration: 33400
Iteration: 33500
Iteration: 33600
Iteration: 33700
Iteration: 33800
Iteration: 33900
Iteration: 34000
Iteration: 34100
Iteration: 34200
Iteration: 34300
Iteration: 34400
Iteration: 34500
Iteration: 34600
Iteration: 34700
Iteration: 34800
Iteration: 34900
Iteration: 35000
Iteration: 35100
Iteration: 35200
Iteration: 35300
Iteration: 35400
Iteration: 35500
Iteration: 35600
Iteration: 35700
Iteration: 35800
Iteration: 35900
Iteration: 36000
Iteration: 36100
Iteration: 36200
Iteration: 36300
Iteration: 36400
Iteration: 36500
Iteration: 36600
Iteration: 36700
Iteration: 36800
Iteration: 36900
Iteration: 37000
Iteration: 37100
Iteration: 37200
Iteration: 37300
Iteration: 37400
Iteration: 37500
Iteration: 37600
Iteration: 37700
Iteration: 37800
Iteration: 37900
Iteration: 38000
Iteration: 38100
Iteration: 38200
Iteration: 38300
Iteration: 38400
Iteration: 38500
Iteration: 38600
Iteration: 38700
Iteration: 38800
Iteration: 38900
Iteration: 39000
Iteration: 39100
Iteration: 39200
Iteration: 39300
Iteration: 39400
Iteration: 39500
Iteration: 39600
Iteration: 39700
Iteration: 39800
Iteration: 39900
Iteration: 40000
Iteration: 40100
Iteration: 40200
Iteration: 40300
Iteration: 40400
Iteration: 40500
Iteration: 40600
Iteration: 40700
Iteration: 40800
Iteration: 40900
Iteration: 41000
Iteration: 41100
Iteration: 41200
Iteration: 41300
Iteration: 41400
Iteration: 41500
Iteration: 41600
Iteration: 41700
Iteration: 41800
Iteration: 41900
Iteration: 42000
Iteration: 42100
Iteration: 42200
Iteration: 42300
Iteration: 42400
Iteration: 42500
Iteration: 42600
Iteration: 42700
Iteration: 42800
Iteration: 42900
Iteration: 43000
Iteration: 43100
Iteration: 43200
Iteration: 43300
Iteration: 43400
Iteration: 43500
Iteration: 43600
Iteration: 43700
Iteration: 43800
Iteration: 43900
Iteration: 44000
Iteration: 44100
Iteration: 44200
Iteration: 44300
Iteration: 44400
Iteration: 44500
Iteration: 44600
Iteration: 44700
Iteration: 44800
Iteration: 44900
Iteration: 45000
Iteration: 45100
Iteration: 45200
Iteration: 45300
Iteration: 45400
Iteration: 45500
Iteration: 45600
Iteration: 45700
Iteration: 45800
Iteration: 45900
Iteration: 46000
Iteration: 46100
Iteration: 46200
Iteration: 46300
Iteration: 46400
Iteration: 46500
Iteration: 46600
Iteration: 46700
Iteration: 46800
Iteration: 46900
Iteration: 47000
Iteration: 47100
Iteration: 47200
Iteration: 47300
Iteration: 47400
Iteration: 47500
Iteration: 47600
Iteration: 47700
Iteration: 47800
Iteration: 47900
Iteration: 48000
Iteration: 48100
Iteration: 48200
Iteration: 48300
Iteration: 48400
Iteration: 48500
Iteration: 48600
Iteration: 48700
srun: Job step aborted: Waiting up to 32 seconds for job step to finish.
slurmstepd: error: *** JOB 650416 ON galvani-cn111 CANCELLED AT 2024-09-07T21:45:37 DUE TO TIME LIMIT ***
slurmstepd: error: *** STEP 650416.0 ON galvani-cn111 CANCELLED AT 2024-09-07T21:45:37 DUE TO TIME LIMIT ***
