JobId=647467 JobName=name
   UserId=lfz080(4890) GroupId=levina(4024) MCS_label=N/A
   Priority=94373 Nice=0 Account=levina QOS=normal
   JobState=RUNNING Reason=None Dependency=(null)
   Requeue=1 Restarts=0 BatchFlag=1 Reboot=0 ExitCode=0:0
   RunTime=00:00:01 TimeLimit=1-00:00:00 TimeMin=N/A
   SubmitTime=2024-09-05T21:21:34 EligibleTime=2024-09-05T21:21:34
   AccrueTime=2024-09-05T21:21:35
   StartTime=2024-09-05T21:21:35 EndTime=2024-09-06T21:21:35 Deadline=N/A
   PreemptEligibleTime=2024-09-05T21:22:35 PreemptTime=None
   SuspendTime=None SecsPreSuspend=0 LastSchedEval=2024-09-05T21:21:35 Scheduler=Main
   Partition=2080-galvani AllocNode:Sid=galvani-slurmctl:716084
   ReqNodeList=(null) ExcNodeList=(null)
   NodeList=galvani-cn104
   BatchHost=galvani-cn104
   NumNodes=1 NumCPUs=8 NumTasks=1 CPUs/Task=8 ReqB:S:C:T=0:0:*:*
   ReqTRES=cpu=8,mem=40G,node=1,billing=2,gres/gpu=1
   AllocTRES=cpu=8,mem=40G,node=1,billing=2,gres/gpu=1,gres/gpu:rtx2080ti=1
   Socks/Node=* NtasksPerN:B:S:C=0:0:*:* CoreSpec=*
   MinCPUsNode=8 MinMemoryNode=40G MinTmpDiskNode=0
   Features=(null) DelayBoot=00:00:00
   OverSubscribe=OK Contiguous=0 Licenses=(null) Network=(null)
   Command=/mnt/qb/home/levina/lfz080/Walka/Implementierung_Bachelorarbeit/script.sh
   WorkDir=/mnt/qb/home/levina/lfz080/Walka/Implementierung_Bachelorarbeit
   StdErr=/mnt/qb/home/levina/lfz080/Walka/Implementierung_Bachelorarbeit/slurm-647467.out
   StdIn=/dev/null
   StdOut=/mnt/qb/home/levina/lfz080/Walka/Implementierung_Bachelorarbeit/slurm-647467.out
   Power=
   TresPerNode=gres:gpu:1
   MailUser=walka37@gmail.com MailType=BEGIN,END,FAIL
   

srun: Job step aborted: Waiting up to 32 seconds for job step to finish.
slurmstepd: error: *** JOB 647467 ON galvani-cn104 CANCELLED AT 2024-09-05T21:25:24 ***
slurmstepd: error: *** STEP 647467.0 ON galvani-cn104 CANCELLED AT 2024-09-05T21:25:24 ***
