JobId=657272 JobName=name
   UserId=lfz080(4890) GroupId=levina(4024) MCS_label=N/A
   Priority=88669 Nice=0 Account=levina QOS=normal
   JobState=RUNNING Reason=None Dependency=(null)
   Requeue=1 Restarts=0 BatchFlag=1 Reboot=0 ExitCode=0:0
   RunTime=00:00:01 TimeLimit=3-00:00:00 TimeMin=N/A
   SubmitTime=2024-09-11T09:49:48 EligibleTime=2024-09-11T09:49:48
   AccrueTime=2024-09-11T09:49:50
   StartTime=2024-09-11T09:49:50 EndTime=2024-09-14T09:49:50 Deadline=N/A
   PreemptEligibleTime=2024-09-11T09:50:50 PreemptTime=None
   SuspendTime=None SecsPreSuspend=0 LastSchedEval=2024-09-11T09:49:50 Scheduler=Main
   Partition=2080-galvani AllocNode:Sid=galvani-slurmctl:851866
   ReqNodeList=(null) ExcNodeList=(null)
   NodeList=galvani-cn127
   BatchHost=galvani-cn127
   NumNodes=1 NumCPUs=8 NumTasks=1 CPUs/Task=8 ReqB:S:C:T=0:0:*:*
   ReqTRES=cpu=8,mem=40G,node=1,billing=2,gres/gpu=1
   AllocTRES=cpu=8,mem=40G,node=1,billing=2,gres/gpu=1,gres/gpu:rtx2080ti=1
   Socks/Node=* NtasksPerN:B:S:C=0:0:*:* CoreSpec=*
   MinCPUsNode=8 MinMemoryNode=40G MinTmpDiskNode=0
   Features=(null) DelayBoot=00:00:00
   OverSubscribe=OK Contiguous=0 Licenses=(null) Network=(null)
   Command=/mnt/qb/home/levina/lfz080/Walka/Implementierung_Bachelorarbeit/script.sh
   WorkDir=/mnt/qb/home/levina/lfz080/Walka/Implementierung_Bachelorarbeit
   StdErr=/mnt/qb/home/levina/lfz080/Walka/Implementierung_Bachelorarbeit/slurm-657272.out
   StdIn=/dev/null
   StdOut=/mnt/qb/home/levina/lfz080/Walka/Implementierung_Bachelorarbeit/slurm-657272.out
   Power=
   TresPerNode=gres:gpu:1
   MailUser=walka37@gmail.com MailType=BEGIN,END,FAIL
   

Data saved to Runtime_Data/Run_9.pkl

Used Modell:  AA
Number of Neurons:  1000
Running Time:  1000
Input rate h: 0.1
Target Spiking Rate:  1
Homeostatic Constant:  1000
Alpha init:  0.2
