JobId=653207 JobName=name
   UserId=lfz080(4890) GroupId=levina(4024) MCS_label=N/A
   Priority=88669 Nice=0 Account=levina QOS=normal
   JobState=RUNNING Reason=None Dependency=(null)
   Requeue=1 Restarts=0 BatchFlag=1 Reboot=0 ExitCode=0:0
   RunTime=00:00:00 TimeLimit=3-00:00:00 TimeMin=N/A
   SubmitTime=2024-09-08T21:28:10 EligibleTime=2024-09-08T21:28:10
   AccrueTime=2024-09-08T21:28:10
   StartTime=2024-09-08T21:28:10 EndTime=2024-09-11T21:28:10 Deadline=N/A
   PreemptEligibleTime=2024-09-08T21:29:10 PreemptTime=None
   SuspendTime=None SecsPreSuspend=0 LastSchedEval=2024-09-08T21:28:10 Scheduler=Main
   Partition=2080-galvani AllocNode:Sid=galvani-slurmctl:851866
   ReqNodeList=(null) ExcNodeList=(null)
   NodeList=galvani-cn110
   BatchHost=galvani-cn110
   NumNodes=1 NumCPUs=8 NumTasks=1 CPUs/Task=8 ReqB:S:C:T=0:0:*:*
   ReqTRES=cpu=8,mem=40G,node=1,billing=2,gres/gpu=1
   AllocTRES=cpu=8,mem=40G,node=1,billing=2,gres/gpu=1,gres/gpu:rtx2080ti=1
   Socks/Node=* NtasksPerN:B:S:C=0:0:*:* CoreSpec=*
   MinCPUsNode=8 MinMemoryNode=40G MinTmpDiskNode=0
   Features=(null) DelayBoot=00:00:00
   OverSubscribe=OK Contiguous=0 Licenses=(null) Network=(null)
   Command=/mnt/qb/home/levina/lfz080/Walka/Implementierung_Bachelorarbeit/script.sh
   WorkDir=/mnt/qb/home/levina/lfz080/Walka/Implementierung_Bachelorarbeit
   StdErr=/mnt/qb/home/levina/lfz080/Walka/Implementierung_Bachelorarbeit/slurm-653207.out
   StdIn=/dev/null
   StdOut=/mnt/qb/home/levina/lfz080/Walka/Implementierung_Bachelorarbeit/slurm-653207.out
   Power=
   TresPerNode=gres:gpu:1
   MailUser=walka37@gmail.com MailType=BEGIN,END,FAIL
   

Traceback (most recent call last):
  File "/home/levina/lfz080/Walka/Implementierung_Bachelorarbeit/tests.py", line 11, in <module>
    Global_act, Branching_global, Autocorrelation, Average_Activity, Average_Alpha, Avalanche_Distribution = Run_Model.Run_Model(cons.model, cons.N, cons.Seconds, h=cons.h)
  File "/home/levina/lfz080/Walka/Implementierung_Bachelorarbeit/Run_Model.py", line 99, in Run_Model
    branch_glob = meters.Branching_Parameters(N, Connection_arr, Alpha)
  File "/home/levina/lfz080/Walka/Implementierung_Bachelorarbeit/Functions_Constants_Meters/Meters.py", line 43, in Branching_Parameters
    Branching_count += Alpha[connection]
ValueError: operands could not be broadcast together with shapes (12,) (15,) (12,) 
srun: error: galvani-cn110: task 0: Exited with exit code 1
srun: Terminating StepId=653207.0
