JobId=650414 JobName=name
   UserId=lfz080(4890) GroupId=levina(4024) MCS_label=N/A
   Priority=92591 Nice=0 Account=levina QOS=normal
   JobState=RUNNING Reason=None Dependency=(null)
   Requeue=1 Restarts=0 BatchFlag=1 Reboot=0 ExitCode=0:0
   RunTime=00:00:00 TimeLimit=1-00:00:00 TimeMin=N/A
   SubmitTime=2024-09-06T21:44:07 EligibleTime=2024-09-06T21:44:07
   AccrueTime=2024-09-06T21:44:08
   StartTime=2024-09-06T21:44:08 EndTime=2024-09-07T21:44:08 Deadline=N/A
   PreemptEligibleTime=2024-09-06T21:45:08 PreemptTime=None
   SuspendTime=None SecsPreSuspend=0 LastSchedEval=2024-09-06T21:44:08 Scheduler=Main
   Partition=2080-galvani AllocNode:Sid=galvani-slurmctl:1549476
   ReqNodeList=(null) ExcNodeList=(null)
   NodeList=galvani-cn111
   BatchHost=galvani-cn111
   NumNodes=1 NumCPUs=8 NumTasks=1 CPUs/Task=8 ReqB:S:C:T=0:0:*:*
   ReqTRES=cpu=8,mem=40G,node=1,billing=2,gres/gpu=1
   AllocTRES=cpu=8,mem=40G,node=1,billing=2,gres/gpu=1,gres/gpu:rtx2080ti=1
   Socks/Node=* NtasksPerN:B:S:C=0:0:*:* CoreSpec=*
   MinCPUsNode=8 MinMemoryNode=40G MinTmpDiskNode=0
   Features=(null) DelayBoot=00:00:00
   OverSubscribe=OK Contiguous=0 Licenses=(null) Network=(null)
   Command=/mnt/qb/home/levina/lfz080/Walka/Implementierung_Bachelorarbeit/script.sh
   WorkDir=/mnt/qb/home/levina/lfz080/Walka/Implementierung_Bachelorarbeit
   StdErr=/mnt/qb/home/levina/lfz080/Walka/Implementierung_Bachelorarbeit/slurm-650414.out
   StdIn=/dev/null
   StdOut=/mnt/qb/home/levina/lfz080/Walka/Implementierung_Bachelorarbeit/slurm-650414.out
   Power=
   TresPerNode=gres:gpu:1
   MailUser=walka37@gmail.com MailType=BEGIN,END,FAIL
   

srun: Job step aborted: Waiting up to 32 seconds for job step to finish.
slurmstepd: error: *** STEP 650414.0 ON galvani-cn111 CANCELLED AT 2024-09-06T21:44:55 ***
slurmstepd: error: *** JOB 650414 ON galvani-cn111 CANCELLED AT 2024-09-06T21:44:55 ***
srun: error: galvani-cn111: task 0: Terminated
srun: Terminating StepId=650414.0
